<?xml version="1.0" encoding="UTF-8"?>
<testsuite xmlns:xsi="http://www.w3.org/2001/XMLSchema-instance" xsi:noNamespaceSchemaLocation="https://maven.apache.org/surefire/maven-surefire-plugin/xsd/surefire-test-report.xsd" name="com.mycompany.app.AppTest" time="0.046" tests="1" errors="0" skipped="0" failures="0">
  <properties>
    <property name="sun.desktop" value="windows"/>
    <property name="awt.toolkit" value="sun.awt.windows.WToolkit"/>
    <property name="file.encoding.pkg" value="sun.io"/>
    <property name="java.specification.version" value="1.8"/>
    <property name="sun.cpu.isalist" value="amd64"/>
    <property name="sun.jnu.encoding" value="GBK"/>
    <property name="java.class.path" value="D:\documents\java-files\maven-practice\app\my-app\target\test-classes;D:\documents\java-files\maven-practice\app\my-app\target\classes;C:\Users\weili\.m2\repository\junit\junit\4.11\junit-4.11.jar;C:\Users\weili\.m2\repository\org\hamcrest\hamcrest-core\1.3\hamcrest-core-1.3.jar;C:\Users\weili\.m2\repository\log4j\log4j\1.2.11\log4j-1.2.11.jar;"/>
    <property name="java.vm.vendor" value="Oracle Corporation"/>
    <property name="sun.arch.data.model" value="64"/>
    <property name="user.variant" value=""/>
    <property name="java.vendor.url" value="http://java.oracle.com/"/>
    <property name="user.timezone" value="Asia/Shanghai"/>
    <property name="java.vm.specification.version" value="1.8"/>
    <property name="os.name" value="Windows 10"/>
    <property name="user.country" value="CN"/>
    <property name="sun.java.launcher" value="SUN_STANDARD"/>
    <property name="sun.boot.library.path" value="D:\software\Java\jdk1.8.0_231\jre\bin"/>
    <property name="sun.java.command" value="C:\Users\weili\AppData\Local\Temp\surefire373666804958311555\surefirebooter5569937235150258944.jar C:\Users\weili\AppData\Local\Temp\surefire373666804958311555 2021-08-05T13-57-30_559-jvmRun1 surefire7909923713658288312tmp surefire_09098988845696799994tmp"/>
    <property name="surefire.test.class.path" value="D:\documents\java-files\maven-practice\app\my-app\target\test-classes;D:\documents\java-files\maven-practice\app\my-app\target\classes;C:\Users\weili\.m2\repository\junit\junit\4.11\junit-4.11.jar;C:\Users\weili\.m2\repository\org\hamcrest\hamcrest-core\1.3\hamcrest-core-1.3.jar;C:\Users\weili\.m2\repository\log4j\log4j\1.2.11\log4j-1.2.11.jar;"/>
    <property name="sun.cpu.endian" value="little"/>
    <property name="user.home" value="C:\Users\weili"/>
    <property name="user.language" value="zh"/>
    <property name="java.specification.vendor" value="Oracle Corporation"/>
    <property name="java.home" value="D:\software\Java\jdk1.8.0_231\jre"/>
    <property name="basedir" value="D:\documents\java-files\maven-practice\app\my-app"/>
    <property name="file.separator" value="\"/>
    <property name="line.separator" value="&#10;"/>
    <property name="java.vm.specification.vendor" value="Oracle Corporation"/>
    <property name="java.specification.name" value="Java Platform API Specification"/>
    <property name="java.awt.graphicsenv" value="sun.awt.Win32GraphicsEnvironment"/>
    <property name="surefire.real.class.path" value="C:\Users\weili\AppData\Local\Temp\surefire373666804958311555\surefirebooter5569937235150258944.jar"/>
    <property name="sun.boot.class.path" value="D:\software\Java\jdk1.8.0_231\jre\lib\resources.jar;D:\software\Java\jdk1.8.0_231\jre\lib\rt.jar;D:\software\Java\jdk1.8.0_231\jre\lib\sunrsasign.jar;D:\software\Java\jdk1.8.0_231\jre\lib\jsse.jar;D:\software\Java\jdk1.8.0_231\jre\lib\jce.jar;D:\software\Java\jdk1.8.0_231\jre\lib\charsets.jar;D:\software\Java\jdk1.8.0_231\jre\lib\jfr.jar;D:\software\Java\jdk1.8.0_231\jre\classes"/>
    <property name="user.script" value=""/>
    <property name="sun.management.compiler" value="HotSpot 64-Bit Tiered Compilers"/>
    <property name="java.runtime.version" value="1.8.0_231-b11"/>
    <property name="user.name" value="weili"/>
    <property name="path.separator" value=";"/>
    <property name="os.version" value="10.0"/>
    <property name="java.endorsed.dirs" value="D:\software\Java\jdk1.8.0_231\jre\lib\endorsed"/>
    <property name="java.runtime.name" value="Java(TM) SE Runtime Environment"/>
    <property name="file.encoding" value="GBK"/>
    <property name="java.vm.name" value="Java HotSpot(TM) 64-Bit Server VM"/>
    <property name="localRepository" value="C:\Users\weili\.m2\repository"/>
    <property name="java.vendor.url.bug" value="http://bugreport.sun.com/bugreport/"/>
    <property name="java.io.tmpdir" value="C:\Users\weili\AppData\Local\Temp\"/>
    <property name="java.version" value="1.8.0_231"/>
    <property name="user.dir" value="D:\documents\java-files\maven-practice\app\my-app"/>
    <property name="os.arch" value="amd64"/>
    <property name="java.vm.specification.name" value="Java Virtual Machine Specification"/>
    <property name="java.awt.printerjob" value="sun.awt.windows.WPrinterJob"/>
    <property name="sun.os.patch.level" value=""/>
    <property name="java.library.path" value="D:\software\Java\jdk1.8.0_231\jre\bin;C:\WINDOWS\Sun\Java\bin;C:\WINDOWS\system32;C:\WINDOWS;D:\software\miniconda3\condabin;D:\software\NetSarang\Xshell 6\;C:\WINDOWS\system32;C:\WINDOWS;C:\WINDOWS\System32\Wbem;C:\WINDOWS\System32\WindowsPowerShell\v1.0\;C:\WINDOWS\System32\OpenSSH\;D:\software\Git\cmd;D:\software\Go\bin;D:\software\mongodb-win32-x86_64-2012plus-4.2.3\bin;D:\software\nodejs\;C:\ProgramData\chocolatey\bin;D:\software\Java\jdk1.8.0_231\bin;D:\software\Java\jdk1.8.0_231\jre\bin;D:\software\CMake\bin;D:\software\.cargo\bin;D:\software\Python\Python38\Scripts\;D:\software\Python\Python38\;C:\Program Files\MySQL\MySQL Shell 8.0\bin\;C:\Users\weili\AppData\Local\Microsoft\WindowsApps;C:\Program Files\MySQL\MySQL Server 8.0\bin;C:\Users\weili\AppData\Local\GitHubDesktop\bin;D:/software/JetBrains/IntelliJ IDEA 2019.3.4/plugins/maven/lib/maven3\bin;D:\software\Microsoft VS Code\bin;D:\software\JetBrains\GoLand\bin;;D:\software\Go\bin;D:\software\JetBrains\IntelliJ-IDEA\jbr\bin;D:\software\JetBrains\PyCharm\bin;;D:\software\mongodb-win32-x86_64-2012plus-4.2.3\bin;C:\Users\weili\AppData\Roaming\npm;D:\software\JetBrains\WebStorm 2019.3.4\bin;;D:\software\JetBrains\IntelliJ IDEA 2019.3.4\bin;;D:\software\JetBrains\PyCharm Professional Edition with Anaconda plugin 2020.1.3\bin;;D:\software\mingw-w64\x86_64-8.1.0-posix-seh-rt_v6-rev0\mingw64\bin;D:\software\.wasm-pack\wasm-bindgen-cargo-install-0.2.70\wasm-bindgen.exe;;C:\Users\weili\AppData\Local\Microsoft\WindowsApps;."/>
    <property name="java.vm.info" value="mixed mode"/>
    <property name="java.vendor" value="Oracle Corporation"/>
    <property name="java.vm.version" value="25.231-b11"/>
    <property name="java.ext.dirs" value="D:\software\Java\jdk1.8.0_231\jre\lib\ext;C:\WINDOWS\Sun\Java\lib\ext"/>
    <property name="sun.io.unicode.encoding" value="UnicodeLittle"/>
    <property name="java.class.version" value="52.0"/>
  </properties>
  <testcase name="shouldAnswerWithTrue" classname="com.mycompany.app.AppTest" time="0.003"/>
</testsuite>